
info	2022-03-23 11:00:35	GET Request to /api/genres
info	2022-03-23 11:00:40	GET Request to /api/books-by-genre/1
error	2022-03-23 11:00:40	ER_NON_UNIQ_ERROR: Column 'genreId' in where clause is ambiguous
info	2022-03-23 11:01:20	GET Request to /api/books-by-genre/1
error	2022-03-23 11:01:20	ER_NON_UNIQ_ERROR: Column 'genreId' in where clause is ambiguous
info	2022-03-23 11:01:27	GET Request to /api/books-by-genre/1
error	2022-03-23 11:01:27	ER_NON_UNIQ_ERROR: Column 'genreId' in where clause is ambiguous
info	2022-03-23 11:01:53	GET Request to /api/genres
info	2022-03-23 11:01:55	GET Request to /api/books-by-genre/1
error	2022-03-23 11:01:55	ER_NON_UNIQ_ERROR: Column 'genreId' in where clause is ambiguous
info	2022-03-23 11:02:57	GET Request to /api/books-by-genre/1
info	2022-03-23 11:03:21	POST Request to /api/books
info	2022-03-23 11:03:21	"price" must be less than or equal to 100
info	2022-03-23 11:03:35	POST Request to /api/books
info	2022-03-23 11:03:51	DELETE Request to /api/books/4
info	2022-03-23 11:03:57	GET Request to /api/books-by-genre/1
info	2022-03-23 11:04:06	GET Request to /api/books-by-genre/134543
info	2022-03-23 11:04:06	Resource with id 134543 not found.
info	2022-03-23 11:04:09	POST Request to /api/books
info	2022-03-23 11:04:09	"bookName" must be a string. "price" must be a number
info	2022-03-23 11:04:14	DELETE Request to /api/books/4587576
info	2022-03-23 11:04:14	Resource with id 4587576 not found.
info	2022-03-23 11:05:06	GET Request to /api/genres
info	2022-03-23 11:05:22	GET Request to /api/books-by-genre/1
info	2022-03-23 11:06:46	POST Request to /api/genres/
info	2022-03-23 11:06:46	Route not found
info	2022-03-23 11:07:02	POST Request to /api/books/
info	2022-03-23 11:07:03	"stock" must be an integer
info	2022-03-23 11:07:08	POST Request to /api/books/
info	2022-03-23 11:07:18	GET Request to /api/books-by-genre/1453
info	2022-03-23 11:07:18	Resource with id 1453 not found.
info	2022-03-23 11:07:35	DELETE Request to /api/books/5
info	2022-03-23 11:07:39	GET Request to /api/books-by-genre/1
info	2022-03-23 11:44:59	GET Request to /api/genres/
info	2022-03-23 11:45:52	GET Request to /api/books-by-genre/1
info	2022-03-23 11:45:54	GET Request to /api/books-by-genre/3
info	2022-03-23 11:45:54	Resource with id 3 not found.
info	2022-03-23 11:45:57	GET Request to /api/books-by-genre/1
info	2022-03-23 11:47:18	GET Request to /api/genres/
info	2022-03-23 11:47:21	GET Request to /api/genres/
info	2022-03-23 11:47:21	GET Request to /api/genres/
info	2022-03-23 11:47:35	GET Request to /api/genres/
info	2022-03-23 11:47:52	GET Request to /api/genres/
info	2022-03-23 11:47:58	GET Request to /api/genres/
info	2022-03-23 11:47:58	GET Request to /api/genres/
info	2022-03-23 11:48:13	GET Request to /api/genres/
info	2022-03-23 11:48:20	GET Request to /api/genres/
info	2022-03-23 11:48:23	GET Request to /api/books-by-genre/1
info	2022-03-23 11:48:39	GET Request to /api/genres/
info	2022-03-23 11:48:55	GET Request to /api/books-by-genre/2
info	2022-03-23 11:48:56	GET Request to /api/books-by-genre/1
info	2022-03-23 11:50:08	GET Request to /api/genres/
info	2022-03-23 11:50:09	GET Request to /api/books-by-genre/1
info	2022-03-23 11:57:28	GET Request to /api/genres/
info	2022-03-23 11:57:42	GET Request to /api/books-by-genre/1
info	2022-03-23 11:59:58	GET Request to /api/genres/
info	2022-03-23 12:00:11	GET Request to /api/books-by-genre/2
info	2022-03-23 12:00:37	GET Request to /api/genres/
info	2022-03-23 12:00:37	GET Request to /api/genres/
info	2022-03-23 12:00:37	GET Request to /api/genres/
info	2022-03-23 12:00:44	GET Request to /api/genres/
info	2022-03-23 03:29:17	GET Request to /api/genres/
info	2022-03-23 03:29:20	GET Request to /api/books-by-genre/1
info	2022-03-23 03:30:17	GET Request to /api/books-by-genre/2
info	2022-03-23 03:30:20	GET Request to /api/books-by-genre/3
info	2022-03-23 03:30:20	Resource with id 3 not found.
info	2022-03-23 03:30:24	GET Request to /api/books-by-genre/4
info	2022-03-23 03:30:24	Resource with id 4 not found.
info	2022-03-23 03:30:28	GET Request to /api/books-by-genre/1
info	2022-03-23 03:30:36	GET Request to /api/books-by-genre/3
info	2022-03-23 03:30:36	Resource with id 3 not found.
info	2022-03-23 03:30:39	GET Request to /api/genres/
info	2022-03-23 03:31:04	POST Request to /api/books/
info	2022-03-23 03:31:04	GET Request to /api/genres/
info	2022-03-23 03:31:07	GET Request to /api/books-by-genre/1
info	2022-03-23 03:31:13	DELETE Request to /api/books/6
info	2022-03-23 03:31:21	GET Request to /api/books-by-genre/2
info	2022-03-23 03:31:22	GET Request to /api/books-by-genre/1
info	2022-03-23 03:31:33	GET Request to /api/genres/
info	2022-03-23 03:31:46	POST Request to /api/books/
info	2022-03-23 03:31:46	GET Request to /api/genres/
info	2022-03-23 03:31:48	GET Request to /api/books-by-genre/1
info	2022-03-23 03:31:53	GET Request to /api/books-by-genre/2
info	2022-03-23 03:31:54	GET Request to /api/books-by-genre/1
info	2022-03-23 03:31:58	DELETE Request to /api/books/7
info	2022-03-23 03:32:08	GET Request to /api/genres/
info	2022-03-23 03:32:09	GET Request to /api/genres/
info	2022-03-23 03:33:18	GET Request to /api/genres/
info	2022-03-23 03:33:21	GET Request to /api/books-by-genre/1
info	2022-03-23 03:33:22	GET Request to /api/books-by-genre/2
info	2022-03-23 03:33:23	GET Request to /api/books-by-genre/3
info	2022-03-23 03:33:23	Resource with id 3 not found.
info	2022-03-23 03:33:27	GET Request to /api/books-by-genre/2
info	2022-03-23 03:33:29	GET Request to /api/books-by-genre/1
info	2022-03-23 03:33:30	GET Request to /api/books-by-genre/3
info	2022-03-23 03:33:30	Resource with id 3 not found.
info	2022-03-23 03:33:31	GET Request to /api/books-by-genre/1
info	2022-03-23 03:33:32	GET Request to /api/books-by-genre/4
info	2022-03-23 03:33:32	Resource with id 4 not found.
info	2022-03-23 03:33:34	GET Request to /api/books-by-genre/2
info	2022-03-23 03:33:36	GET Request to /api/books-by-genre/1
info	2022-03-23 03:33:37	GET Request to /api/books-by-genre/3
info	2022-03-23 03:33:37	Resource with id 3 not found.
info	2022-03-23 03:33:38	GET Request to /api/books-by-genre/1
info	2022-03-23 03:33:40	GET Request to /api/books-by-genre/2
info	2022-03-23 03:33:42	GET Request to /api/books-by-genre/3
info	2022-03-23 03:33:42	Resource with id 3 not found.
info	2022-03-23 03:33:44	GET Request to /api/books-by-genre/1
info	2022-03-23 03:33:46	GET Request to /api/books-by-genre/4
info	2022-03-23 03:33:46	Resource with id 4 not found.
info	2022-03-23 03:34:52	GET Request to /api/genres/
info	2022-03-23 03:35:01	GET Request to /api/genres/
info	2022-03-23 03:35:24	GET Request to /api/genres/
info	2022-03-23 03:35:39	GET Request to /api/genres/
info	2022-03-23 03:35:53	GET Request to /api/genres/
info	2022-03-23 03:36:06	GET Request to /api/books-by-genre/1
info	2022-03-23 03:36:21	GET Request to /api/genres/
info	2022-03-23 03:36:24	GET Request to /api/books-by-genre/1
info	2022-03-23 03:41:59	GET Request to /api/genres/
info	2022-03-23 03:42:02	GET Request to /api/genres/
info	2022-03-23 03:42:06	GET Request to /api/genres/
info	2022-03-23 03:42:06	GET Request to /api/genres/
info	2022-03-23 03:42:39	GET Request to /api/genres/
info	2022-03-23 03:42:46	GET Request to /api/genres/
info	2022-03-23 03:43:00	GET Request to /api/genres/
info	2022-03-23 03:43:04	GET Request to /api/books-by-genre/1
info	2022-03-23 03:43:05	GET Request to /api/books-by-genre/3
info	2022-03-23 03:43:05	Resource with id 3 not found.
info	2022-03-23 03:43:07	GET Request to /api/books-by-genre/1
info	2022-03-23 03:43:08	GET Request to /api/genres/
info	2022-03-23 04:05:13	GET Request to /api/genres/
info	2022-03-23 04:05:16	GET Request to /api/genres/
info	2022-03-23 04:05:17	GET Request to /api/books-by-genre/1
info	2022-03-23 04:05:19	GET Request to /api/books-by-genre/2
info	2022-03-23 04:05:21	GET Request to /api/books-by-genre/1
info	2022-03-23 04:05:23	GET Request to /api/books-by-genre/2
info	2022-03-23 04:05:24	GET Request to /api/books-by-genre/3
info	2022-03-23 04:05:24	Resource with id 3 not found.
info	2022-03-23 04:05:25	GET Request to /api/books-by-genre/2
info	2022-03-23 04:05:25	GET Request to /api/books-by-genre/1
info	2022-03-23 04:05:27	GET Request to /api/books-by-genre/2
info	2022-03-23 04:05:27	GET Request to /api/books-by-genre/1
info	2022-03-23 04:05:28	GET Request to /api/books-by-genre/2
info	2022-03-23 04:05:29	GET Request to /api/books-by-genre/1
info	2022-03-23 04:05:29	GET Request to /api/books-by-genre/2
info	2022-03-23 04:05:29	GET Request to /api/books-by-genre/1
info	2022-03-23 04:05:30	GET Request to /api/books-by-genre/2
info	2022-03-23 04:05:30	GET Request to /api/books-by-genre/1
info	2022-03-23 04:05:31	GET Request to /api/books-by-genre/2
info	2022-03-23 04:05:31	GET Request to /api/books-by-genre/1
info	2022-03-23 04:05:31	GET Request to /api/books-by-genre/2
info	2022-03-23 04:05:31	GET Request to /api/books-by-genre/1
info	2022-03-23 04:05:31	GET Request to /api/books-by-genre/2
info	2022-03-23 04:05:31	GET Request to /api/books-by-genre/1
info	2022-03-23 04:05:32	GET Request to /api/books-by-genre/2
info	2022-03-23 04:05:32	GET Request to /api/books-by-genre/1
info	2022-03-23 04:05:32	GET Request to /api/books-by-genre/2
info	2022-03-23 04:05:32	GET Request to /api/books-by-genre/1
info	2022-03-23 04:05:32	GET Request to /api/books-by-genre/2
info	2022-03-23 04:05:32	GET Request to /api/books-by-genre/1
info	2022-03-23 04:05:32	GET Request to /api/books-by-genre/2
info	2022-03-23 04:05:33	GET Request to /api/books-by-genre/1
info	2022-03-23 04:05:33	GET Request to /api/books-by-genre/2
info	2022-03-23 04:05:33	GET Request to /api/books-by-genre/1
info	2022-03-23 04:05:33	GET Request to /api/books-by-genre/2
info	2022-03-23 04:05:33	GET Request to /api/books-by-genre/1
info	2022-03-23 04:05:33	GET Request to /api/books-by-genre/2
info	2022-03-23 04:05:33	GET Request to /api/books-by-genre/1
info	2022-03-23 04:05:34	GET Request to /api/books-by-genre/2
info	2022-03-23 04:05:34	GET Request to /api/books-by-genre/3
info	2022-03-23 04:05:34	Resource with id 3 not found.
info	2022-03-23 04:05:34	GET Request to /api/books-by-genre/2
info	2022-03-23 04:05:34	GET Request to /api/books-by-genre/3
info	2022-03-23 04:05:34	Resource with id 3 not found.
info	2022-03-23 04:05:37	GET Request to /api/books-by-genre/2
info	2022-03-23 04:05:37	GET Request to /api/books-by-genre/3
info	2022-03-23 04:05:37	Resource with id 3 not found.
info	2022-03-23 04:05:37	GET Request to /api/books-by-genre/2
info	2022-03-23 04:05:38	GET Request to /api/books-by-genre/1
info	2022-03-23 04:05:38	GET Request to /api/books-by-genre/2
info	2022-03-23 04:05:38	GET Request to /api/books-by-genre/1
info	2022-03-23 04:05:39	GET Request to /api/books-by-genre/2
info	2022-03-23 04:05:39	GET Request to /api/books-by-genre/1
info	2022-03-23 04:05:39	GET Request to /api/books-by-genre/2
info	2022-03-23 04:05:39	GET Request to /api/books-by-genre/1
info	2022-03-23 04:05:39	GET Request to /api/books-by-genre/2
info	2022-03-23 04:05:39	GET Request to /api/books-by-genre/1
info	2022-03-23 04:05:39	GET Request to /api/books-by-genre/2
info	2022-03-23 04:05:40	GET Request to /api/books-by-genre/1
info	2022-03-23 04:05:40	GET Request to /api/books-by-genre/2
info	2022-03-23 04:05:40	GET Request to /api/books-by-genre/3
info	2022-03-23 04:05:40	Resource with id 3 not found.
info	2022-03-23 04:05:40	GET Request to /api/books-by-genre/2
info	2022-03-23 04:05:40	GET Request to /api/books-by-genre/3
info	2022-03-23 04:05:40	Resource with id 3 not found.
info	2022-03-23 04:05:41	GET Request to /api/books-by-genre/2
info	2022-03-23 04:05:41	GET Request to /api/books-by-genre/3
info	2022-03-23 04:05:41	Resource with id 3 not found.
info	2022-03-23 04:05:41	GET Request to /api/books-by-genre/2
info	2022-03-23 04:05:41	GET Request to /api/books-by-genre/3
info	2022-03-23 04:05:41	Resource with id 3 not found.
info	2022-03-23 04:05:41	GET Request to /api/books-by-genre/2
info	2022-03-23 04:05:41	GET Request to /api/books-by-genre/3
info	2022-03-23 04:05:41	Resource with id 3 not found.
info	2022-03-23 04:05:41	GET Request to /api/books-by-genre/2
info	2022-03-23 04:05:42	GET Request to /api/books-by-genre/1
info	2022-03-23 04:05:42	GET Request to /api/books-by-genre/2
info	2022-03-23 04:05:42	GET Request to /api/books-by-genre/1
info	2022-03-23 04:05:42	GET Request to /api/books-by-genre/2
info	2022-03-23 04:05:42	GET Request to /api/books-by-genre/3
info	2022-03-23 04:05:42	Resource with id 3 not found.
info	2022-03-23 04:05:43	GET Request to /api/books-by-genre/4
info	2022-03-23 04:05:43	Resource with id 4 not found.
info	2022-03-23 04:05:43	GET Request to /api/books-by-genre/3
info	2022-03-23 04:05:43	Resource with id 3 not found.
info	2022-03-23 04:05:43	GET Request to /api/books-by-genre/2
info	2022-03-23 04:05:43	GET Request to /api/books-by-genre/1
info	2022-03-23 04:05:44	GET Request to /api/books-by-genre/2
info	2022-03-23 04:05:44	GET Request to /api/books-by-genre/1
info	2022-03-23 04:05:44	GET Request to /api/books-by-genre/2
info	2022-03-23 04:05:44	GET Request to /api/books-by-genre/1
info	2022-03-23 04:05:44	GET Request to /api/books-by-genre/2
info	2022-03-23 04:05:44	GET Request to /api/books-by-genre/1
info	2022-03-23 04:05:44	GET Request to /api/books-by-genre/2
info	2022-03-23 04:05:45	GET Request to /api/books-by-genre/1
info	2022-03-23 04:05:45	GET Request to /api/books-by-genre/2
info	2022-03-23 04:05:45	GET Request to /api/books-by-genre/1
info	2022-03-23 04:05:45	GET Request to /api/books-by-genre/2
info	2022-03-23 04:05:45	GET Request to /api/books-by-genre/1
info	2022-03-23 04:05:45	GET Request to /api/books-by-genre/2
info	2022-03-23 04:05:45	GET Request to /api/books-by-genre/1
info	2022-03-23 04:05:46	GET Request to /api/books-by-genre/2
info	2022-03-23 04:05:46	GET Request to /api/books-by-genre/1
info	2022-03-23 04:05:46	GET Request to /api/books-by-genre/2
info	2022-03-23 04:05:46	GET Request to /api/books-by-genre/3
info	2022-03-23 04:05:46	Resource with id 3 not found.
info	2022-03-23 04:05:46	GET Request to /api/books-by-genre/4
info	2022-03-23 04:05:46	Resource with id 4 not found.
info	2022-03-23 04:05:48	GET Request to /api/books-by-genre/3
info	2022-03-23 04:05:48	Resource with id 3 not found.
info	2022-03-23 04:05:48	GET Request to /api/books-by-genre/4
info	2022-03-23 04:05:48	Resource with id 4 not found.
info	2022-03-23 04:05:48	GET Request to /api/books-by-genre/3
info	2022-03-23 04:05:48	Resource with id 3 not found.
info	2022-03-23 04:05:48	GET Request to /api/books-by-genre/4
info	2022-03-23 04:05:48	Resource with id 4 not found.
info	2022-03-23 04:05:48	GET Request to /api/books-by-genre/3
info	2022-03-23 04:05:48	Resource with id 3 not found.
info	2022-03-23 04:05:48	GET Request to /api/books-by-genre/4
info	2022-03-23 04:05:48	Resource with id 4 not found.
info	2022-03-23 04:05:48	GET Request to /api/books-by-genre/3
info	2022-03-23 04:05:48	Resource with id 3 not found.
info	2022-03-23 04:05:48	GET Request to /api/books-by-genre/4
info	2022-03-23 04:05:48	Resource with id 4 not found.
info	2022-03-23 04:05:48	GET Request to /api/books-by-genre/3
info	2022-03-23 04:05:48	Resource with id 3 not found.
info	2022-03-23 04:05:49	GET Request to /api/books-by-genre/4
info	2022-03-23 04:05:49	Resource with id 4 not found.
info	2022-03-23 04:05:49	GET Request to /api/books-by-genre/3
info	2022-03-23 04:05:49	Resource with id 3 not found.
info	2022-03-23 04:05:49	GET Request to /api/books-by-genre/4
info	2022-03-23 04:05:49	Resource with id 4 not found.
info	2022-03-23 04:05:49	GET Request to /api/books-by-genre/3
info	2022-03-23 04:05:49	Resource with id 3 not found.
info	2022-03-23 04:05:49	GET Request to /api/books-by-genre/4
info	2022-03-23 04:05:49	Resource with id 4 not found.
info	2022-03-23 04:05:49	GET Request to /api/books-by-genre/3
info	2022-03-23 04:05:49	Resource with id 3 not found.
info	2022-03-23 04:05:49	GET Request to /api/books-by-genre/4
info	2022-03-23 04:05:49	Resource with id 4 not found.
info	2022-03-23 04:05:49	GET Request to /api/books-by-genre/3
info	2022-03-23 04:05:49	Resource with id 3 not found.
info	2022-03-23 04:05:49	GET Request to /api/books-by-genre/4
info	2022-03-23 04:05:49	Resource with id 4 not found.
info	2022-03-23 04:05:49	GET Request to /api/books-by-genre/3
info	2022-03-23 04:05:49	Resource with id 3 not found.
info	2022-03-23 04:05:49	GET Request to /api/books-by-genre/4
info	2022-03-23 04:05:49	Resource with id 4 not found.
info	2022-03-23 04:05:50	GET Request to /api/books-by-genre/3
info	2022-03-23 04:05:50	Resource with id 3 not found.
info	2022-03-23 04:05:50	GET Request to /api/books-by-genre/4
info	2022-03-23 04:05:50	Resource with id 4 not found.
info	2022-03-23 04:05:50	GET Request to /api/books-by-genre/3
info	2022-03-23 04:05:50	Resource with id 3 not found.
info	2022-03-23 04:05:50	GET Request to /api/books-by-genre/4
info	2022-03-23 04:05:50	Resource with id 4 not found.
info	2022-03-23 04:05:50	GET Request to /api/books-by-genre/3
info	2022-03-23 04:05:50	Resource with id 3 not found.
info	2022-03-23 04:05:50	GET Request to /api/books-by-genre/4
info	2022-03-23 04:05:50	Resource with id 4 not found.
info	2022-03-23 04:05:50	GET Request to /api/books-by-genre/3
info	2022-03-23 04:05:50	Resource with id 3 not found.
info	2022-03-23 04:05:50	GET Request to /api/books-by-genre/4
info	2022-03-23 04:05:50	Resource with id 4 not found.
info	2022-03-23 04:05:50	GET Request to /api/books-by-genre/3
info	2022-03-23 04:05:50	Resource with id 3 not found.
info	2022-03-23 04:05:51	GET Request to /api/books-by-genre/2
info	2022-03-23 04:06:18	GET Request to /api/books-by-genre/1
info	2022-03-23 04:06:19	GET Request to /api/books-by-genre/2
info	2022-03-23 04:06:25	GET Request to /api/books-by-genre/1
info	2022-03-23 04:06:26	GET Request to /api/books-by-genre/2
info	2022-03-23 04:06:27	GET Request to /api/books-by-genre/1
info	2022-03-23 04:06:28	GET Request to /api/books-by-genre/2
info	2022-03-23 04:06:28	GET Request to /api/books-by-genre/1
info	2022-03-23 04:06:28	GET Request to /api/books-by-genre/2
info	2022-03-23 04:06:28	GET Request to /api/books-by-genre/1
info	2022-03-23 04:06:28	GET Request to /api/books-by-genre/2
info	2022-03-23 04:06:29	GET Request to /api/books-by-genre/1
info	2022-03-23 04:06:29	GET Request to /api/books-by-genre/2
info	2022-03-23 04:06:29	GET Request to /api/books-by-genre/1
info	2022-03-23 04:06:29	GET Request to /api/books-by-genre/2
info	2022-03-23 04:06:29	GET Request to /api/books-by-genre/1
info	2022-03-23 04:06:29	GET Request to /api/books-by-genre/2
info	2022-03-23 04:06:30	GET Request to /api/books-by-genre/1
info	2022-03-23 04:06:30	GET Request to /api/books-by-genre/2
info	2022-03-23 04:06:30	GET Request to /api/books-by-genre/1
info	2022-03-23 04:06:30	GET Request to /api/books-by-genre/2
info	2022-03-23 04:06:30	GET Request to /api/books-by-genre/1
info	2022-03-23 04:06:31	GET Request to /api/books-by-genre/2
info	2022-03-23 04:06:31	GET Request to /api/books-by-genre/1
info	2022-03-23 04:06:31	GET Request to /api/books-by-genre/2
info	2022-03-23 04:06:31	GET Request to /api/books-by-genre/1
info	2022-03-23 04:06:31	GET Request to /api/books-by-genre/2
info	2022-03-23 04:06:31	GET Request to /api/books-by-genre/1
info	2022-03-23 04:06:32	GET Request to /api/books-by-genre/2
info	2022-03-23 04:06:32	GET Request to /api/books-by-genre/1
info	2022-03-23 04:06:32	GET Request to /api/books-by-genre/2
info	2022-03-23 04:06:32	GET Request to /api/books-by-genre/1
info	2022-03-23 04:06:32	GET Request to /api/books-by-genre/2
info	2022-03-23 04:06:32	GET Request to /api/books-by-genre/1
info	2022-03-23 04:06:32	GET Request to /api/books-by-genre/2
info	2022-03-23 04:06:33	GET Request to /api/books-by-genre/1
info	2022-03-23 04:06:33	GET Request to /api/books-by-genre/2
info	2022-03-23 04:06:33	GET Request to /api/books-by-genre/1
info	2022-03-23 04:06:33	GET Request to /api/books-by-genre/2
info	2022-03-23 04:06:33	GET Request to /api/books-by-genre/1
info	2022-03-23 04:06:33	GET Request to /api/books-by-genre/2
info	2022-03-23 04:06:34	GET Request to /api/books-by-genre/1
info	2022-03-23 04:06:34	GET Request to /api/books-by-genre/2
info	2022-03-23 04:06:34	GET Request to /api/books-by-genre/1
info	2022-03-23 04:06:34	GET Request to /api/books-by-genre/2
info	2022-03-23 04:06:34	GET Request to /api/books-by-genre/1
info	2022-03-23 04:06:34	GET Request to /api/books-by-genre/2
info	2022-03-23 04:06:35	GET Request to /api/books-by-genre/3
info	2022-03-23 04:06:35	Resource with id 3 not found.
info	2022-03-23 04:06:57	GET Request to /api/genres
info	2022-03-23 04:07:06	GET Request to /api/genres
info	2022-03-23 04:07:08	GET Request to /api/genres
info	2022-03-23 04:07:11	GET Request to /api/genres
info	2022-03-23 04:07:11	GET Request to /api/genres
info	2022-03-23 04:07:11	GET Request to /api/genres
info	2022-03-23 04:07:11	GET Request to /api/genres
info	2022-03-23 04:07:12	GET Request to /api/genres
info	2022-03-23 04:07:12	GET Request to /api/genres
info	2022-03-23 04:07:13	GET Request to /api/genres
info	2022-03-23 04:07:13	GET Request to /api/genres
info	2022-03-23 04:07:13	GET Request to /api/genres
info	2022-03-23 04:07:13	GET Request to /api/genres
info	2022-03-23 04:07:13	GET Request to /api/genres
info	2022-03-23 04:07:13	GET Request to /api/genres
info	2022-03-23 04:07:14	GET Request to /api/genres
info	2022-03-23 04:07:14	GET Request to /api/genres
info	2022-03-23 04:07:14	GET Request to /api/genres
info	2022-03-23 04:07:14	GET Request to /api/genres
info	2022-03-23 04:07:14	GET Request to /api/genres
info	2022-03-23 04:07:14	GET Request to /api/genres
info	2022-03-23 04:07:15	GET Request to /api/genres
info	2022-03-23 04:07:15	GET Request to /api/genres
info	2022-03-23 04:07:15	GET Request to /api/genres
info	2022-03-23 04:07:15	GET Request to /api/genres
info	2022-03-23 04:07:15	GET Request to /api/genres
info	2022-03-23 04:07:51	GET Request to /api/books-by-genre/2
info	2022-03-23 04:07:53	GET Request to /api/books-by-genre/1
info	2022-03-23 04:07:54	GET Request to /api/books-by-genre/2
info	2022-03-23 04:07:55	GET Request to /api/books-by-genre/1
info	2022-03-23 04:07:55	GET Request to /api/books-by-genre/2
info	2022-03-23 04:07:55	GET Request to /api/books-by-genre/1
info	2022-03-23 04:07:56	GET Request to /api/books-by-genre/2
info	2022-03-23 04:07:56	GET Request to /api/books-by-genre/1
info	2022-03-23 04:07:56	GET Request to /api/books-by-genre/2
info	2022-03-23 04:07:56	GET Request to /api/books-by-genre/1
info	2022-03-23 04:07:56	GET Request to /api/books-by-genre/2
info	2022-03-23 04:08:25	GET Request to /api/books-by-genre/1
info	2022-03-23 04:08:26	GET Request to /api/books-by-genre/2
info	2022-03-23 04:08:29	GET Request to /api/books-by-genre/1
info	2022-03-23 04:08:39	GET Request to /api/books-by-genre/2
info	2022-03-23 04:08:51	GET Request to /api/genres
info	2022-03-23 04:08:52	GET Request to /api/genres
info	2022-03-23 04:08:52	GET Request to /api/genres
info	2022-03-23 04:08:52	GET Request to /api/genres
info	2022-03-23 04:08:53	GET Request to /api/genres
info	2022-03-23 04:08:53	GET Request to /api/genres
info	2022-03-23 04:08:53	GET Request to /api/genres
info	2022-03-23 04:08:53	GET Request to /api/genres
info	2022-03-23 04:09:25	GET Request to /api/products/30000
info	2022-03-23 04:09:25	Route not found
info	2022-03-23 04:10:06	GET Request to /api/genres
info	2022-03-23 04:10:08	GET Request to /api/genres
info	2022-03-23 04:10:09	GET Request to /api/genres
info	2022-03-23 04:10:09	GET Request to /api/genres
info	2022-03-23 04:10:10	GET Request to /api/genres
info	2022-03-23 04:10:10	GET Request to /api/genres
info	2022-03-23 04:10:10	GET Request to /api/genres
info	2022-03-23 04:10:12	GET Request to /api/genres
info	2022-03-23 04:10:13	GET Request to /api/genres
info	2022-03-23 04:10:14	GET Request to /api/genres
info	2022-03-23 04:10:14	GET Request to /api/genres
info	2022-03-23 04:10:15	GET Request to /api/genres
info	2022-03-23 04:11:05	GET Request to /api/genres
info	2022-03-23 04:11:16	GET Request to /api/books-by-genre/1
info	2022-03-23 04:11:18	GET Request to /api/books-by-genre/2
info	2022-03-23 04:11:29	GET Request to /api/books-by-genre/2
info	2022-03-23 04:12:21	GET Request to /api/books-by-genre/2
info	2022-03-23 04:12:22	GET Request to /api/books-by-genre/1
info	2022-03-23 04:12:23	GET Request to /api/books-by-genre/3
info	2022-03-23 04:12:23	Resource with id 3 not found.
info	2022-03-23 04:12:25	GET Request to /api/books-by-genre/2
info	2022-03-23 04:12:26	GET Request to /api/books-by-genre/1
info	2022-03-23 04:12:28	GET Request to /api/books-by-genre/2
info	2022-03-23 04:12:29	GET Request to /api/books-by-genre/1
info	2022-03-23 04:12:30	GET Request to /api/books-by-genre/2
info	2022-03-23 04:12:49	GET Request to /api/books-by-genre/2
info	2022-03-23 04:12:51	GET Request to /api/books-by-genre/1
info	2022-03-23 04:12:53	GET Request to /api/books-by-genre/2
info	2022-03-23 04:12:53	GET Request to /api/books-by-genre/1
info	2022-03-23 04:12:55	GET Request to /api/books-by-genre/2
info	2022-03-23 04:12:55	GET Request to /api/books-by-genre/1
info	2022-03-23 04:12:56	GET Request to /api/books-by-genre/2
info	2022-03-23 04:12:56	GET Request to /api/books-by-genre/1
info	2022-03-23 04:12:56	GET Request to /api/books-by-genre/2
info	2022-03-23 04:12:57	GET Request to /api/books-by-genre/1
info	2022-03-23 04:12:57	GET Request to /api/books-by-genre/2
info	2022-03-23 04:12:57	GET Request to /api/books-by-genre/1
info	2022-03-23 04:12:57	GET Request to /api/books-by-genre/2
info	2022-03-23 04:12:57	GET Request to /api/books-by-genre/1
info	2022-03-23 04:12:57	GET Request to /api/books-by-genre/2
info	2022-03-23 04:12:58	GET Request to /api/books-by-genre/1
info	2022-03-23 04:12:58	GET Request to /api/books-by-genre/2
info	2022-03-23 04:12:58	GET Request to /api/books-by-genre/1
info	2022-03-23 04:12:58	GET Request to /api/books-by-genre/2
info	2022-03-23 04:12:58	GET Request to /api/books-by-genre/1
info	2022-03-23 04:12:59	GET Request to /api/books-by-genre/2
info	2022-03-23 04:12:59	GET Request to /api/books-by-genre/1
info	2022-03-23 04:12:59	GET Request to /api/books-by-genre/2
info	2022-03-23 04:13:00	GET Request to /api/books-by-genre/1
info	2022-03-23 04:13:00	GET Request to /api/books-by-genre/2
info	2022-03-23 04:13:00	GET Request to /api/books-by-genre/1
info	2022-03-23 04:13:00	GET Request to /api/books-by-genre/2
info	2022-03-23 04:13:00	GET Request to /api/books-by-genre/1
info	2022-03-23 04:13:00	GET Request to /api/books-by-genre/2
info	2022-03-23 04:13:00	GET Request to /api/books-by-genre/1
info	2022-03-23 04:13:00	GET Request to /api/books-by-genre/2
info	2022-03-23 04:13:00	GET Request to /api/books-by-genre/1
info	2022-03-23 04:13:00	GET Request to /api/books-by-genre/2
info	2022-03-23 04:13:00	GET Request to /api/books-by-genre/1
info	2022-03-23 04:13:01	GET Request to /api/books-by-genre/2
info	2022-03-23 04:13:01	GET Request to /api/books-by-genre/2
info	2022-03-23 04:13:01	GET Request to /api/books-by-genre/1
info	2022-03-23 04:13:01	GET Request to /api/books-by-genre/2
info	2022-03-23 04:13:01	GET Request to /api/books-by-genre/1
info	2022-03-23 04:13:01	GET Request to /api/books-by-genre/2
info	2022-03-23 04:13:01	GET Request to /api/books-by-genre/1
info	2022-03-23 04:13:01	GET Request to /api/books-by-genre/2
info	2022-03-23 04:13:01	GET Request to /api/books-by-genre/1
info	2022-03-23 04:13:02	GET Request to /api/books-by-genre/2
info	2022-03-23 04:13:02	GET Request to /api/books-by-genre/1
info	2022-03-23 04:13:02	GET Request to /api/books-by-genre/2
info	2022-03-23 04:13:02	GET Request to /api/books-by-genre/1
info	2022-03-23 04:13:03	GET Request to /api/books-by-genre/2
info	2022-03-23 04:13:03	GET Request to /api/books-by-genre/1
info	2022-03-23 04:13:04	GET Request to /api/books-by-genre/2
info	2022-03-23 04:13:06	GET Request to /api/books-by-genre/3
info	2022-03-23 04:13:06	Resource with id 3 not found.
info	2022-03-23 04:13:06	GET Request to /api/books-by-genre/2
info	2022-03-23 04:13:07	GET Request to /api/books-by-genre/3
info	2022-03-23 04:13:07	Resource with id 3 not found.
info	2022-03-23 04:13:07	GET Request to /api/books-by-genre/2
info	2022-03-23 04:13:08	GET Request to /api/books-by-genre/1
info	2022-03-23 04:13:09	GET Request to /api/books-by-genre/2
info	2022-03-23 04:13:09	GET Request to /api/books-by-genre/1
info	2022-03-23 04:13:09	GET Request to /api/books-by-genre/2
info	2022-03-23 04:13:10	GET Request to /api/books-by-genre/1
info	2022-03-23 04:13:10	GET Request to /api/books-by-genre/2
info	2022-03-23 04:13:11	GET Request to /api/books-by-genre/1
info	2022-03-23 04:13:11	GET Request to /api/books-by-genre/2
info	2022-03-23 04:13:11	GET Request to /api/books-by-genre/1
info	2022-03-23 04:13:11	GET Request to /api/books-by-genre/2
info	2022-03-23 04:13:12	GET Request to /api/books-by-genre/1
info	2022-03-23 04:13:12	GET Request to /api/books-by-genre/2
info	2022-03-23 04:13:12	GET Request to /api/books-by-genre/1
info	2022-03-23 04:13:13	GET Request to /api/books-by-genre/2
info	2022-03-23 04:13:13	GET Request to /api/books-by-genre/1
info	2022-03-23 04:13:13	GET Request to /api/books-by-genre/2
info	2022-03-23 04:13:13	GET Request to /api/books-by-genre/1
info	2022-03-23 04:13:14	GET Request to /api/books-by-genre/2
info	2022-03-23 04:13:14	GET Request to /api/books-by-genre/1
info	2022-03-23 04:13:14	GET Request to /api/books-by-genre/2
info	2022-03-23 04:13:14	GET Request to /api/books-by-genre/1
info	2022-03-23 04:13:15	GET Request to /api/books-by-genre/2
info	2022-03-23 04:13:15	GET Request to /api/books-by-genre/1
info	2022-03-23 04:13:15	GET Request to /api/books-by-genre/2
info	2022-03-23 04:13:15	GET Request to /api/books-by-genre/1
info	2022-03-23 04:13:15	GET Request to /api/books-by-genre/2
info	2022-03-23 04:13:15	GET Request to /api/books-by-genre/1
info	2022-03-23 04:13:16	GET Request to /api/books-by-genre/2
info	2022-03-23 04:13:16	GET Request to /api/books-by-genre/1
info	2022-03-23 04:13:16	GET Request to /api/books-by-genre/2
info	2022-03-23 04:13:16	GET Request to /api/books-by-genre/1
info	2022-03-23 04:13:16	GET Request to /api/books-by-genre/2
info	2022-03-23 04:13:16	GET Request to /api/books-by-genre/1
info	2022-03-23 04:13:17	GET Request to /api/books-by-genre/2
info	2022-03-23 04:13:17	GET Request to /api/books-by-genre/1
info	2022-03-23 04:13:17	GET Request to /api/books-by-genre/2
info	2022-03-23 04:13:17	GET Request to /api/books-by-genre/1
info	2022-03-23 04:13:18	GET Request to /api/books-by-genre/2
info	2022-03-23 04:13:18	GET Request to /api/books-by-genre/1
info	2022-03-23 04:13:18	GET Request to /api/books-by-genre/2
info	2022-03-23 04:13:18	GET Request to /api/books-by-genre/1
info	2022-03-23 04:13:18	GET Request to /api/books-by-genre/2
info	2022-03-23 04:13:18	GET Request to /api/books-by-genre/1
info	2022-03-23 04:13:18	GET Request to /api/books-by-genre/2
info	2022-03-23 04:13:19	GET Request to /api/books-by-genre/1
info	2022-03-23 04:13:19	GET Request to /api/books-by-genre/2
info	2022-03-23 04:13:19	GET Request to /api/books-by-genre/1
info	2022-03-23 04:13:19	GET Request to /api/books-by-genre/2
info	2022-03-23 04:13:19	GET Request to /api/books-by-genre/1
info	2022-03-23 04:13:19	GET Request to /api/books-by-genre/2
info	2022-03-23 04:13:19	GET Request to /api/books-by-genre/1
info	2022-03-23 04:13:19	GET Request to /api/books-by-genre/2
info	2022-03-23 04:13:19	GET Request to /api/books-by-genre/1
info	2022-03-23 04:13:20	GET Request to /api/books-by-genre/2
info	2022-03-23 04:13:20	GET Request to /api/books-by-genre/1
info	2022-03-23 04:13:20	GET Request to /api/books-by-genre/2
info	2022-03-23 04:13:20	GET Request to /api/books-by-genre/1
info	2022-03-23 04:13:20	GET Request to /api/books-by-genre/2
info	2022-03-23 04:13:20	GET Request to /api/books-by-genre/1
info	2022-03-23 04:13:20	GET Request to /api/books-by-genre/2
info	2022-03-23 04:13:21	GET Request to /api/books-by-genre/1
info	2022-03-23 04:13:21	GET Request to /api/books-by-genre/2
info	2022-03-23 04:13:21	GET Request to /api/books-by-genre/1
info	2022-03-23 04:13:21	GET Request to /api/books-by-genre/2
info	2022-03-23 04:13:21	GET Request to /api/books-by-genre/1
info	2022-03-23 04:13:21	GET Request to /api/books-by-genre/2
info	2022-03-23 04:13:21	GET Request to /api/books-by-genre/1
info	2022-03-23 04:13:21	GET Request to /api/books-by-genre/2
info	2022-03-23 04:13:21	GET Request to /api/books-by-genre/1
info	2022-03-23 04:13:21	GET Request to /api/books-by-genre/2
info	2022-03-23 04:13:22	GET Request to /api/books-by-genre/1
info	2022-03-23 04:13:22	GET Request to /api/books-by-genre/2
info	2022-03-23 04:13:22	GET Request to /api/books-by-genre/1
info	2022-03-23 04:13:22	GET Request to /api/books-by-genre/2
info	2022-03-23 04:13:22	GET Request to /api/books-by-genre/1
info	2022-03-23 04:13:22	GET Request to /api/books-by-genre/2
info	2022-03-23 04:13:22	GET Request to /api/books-by-genre/1
info	2022-03-23 04:13:22	GET Request to /api/books-by-genre/2
info	2022-03-23 04:13:22	GET Request to /api/books-by-genre/1
info	2022-03-23 04:13:22	GET Request to /api/books-by-genre/2
info	2022-03-23 04:13:23	GET Request to /api/books-by-genre/1
info	2022-03-23 04:13:23	GET Request to /api/books-by-genre/2
info	2022-03-23 04:13:23	GET Request to /api/books-by-genre/1
info	2022-03-23 04:13:23	GET Request to /api/books-by-genre/2
info	2022-03-23 04:13:23	GET Request to /api/books-by-genre/1
info	2022-03-23 04:13:23	GET Request to /api/books-by-genre/2
info	2022-03-23 04:13:23	GET Request to /api/books-by-genre/1
info	2022-03-23 04:13:23	GET Request to /api/books-by-genre/2
info	2022-03-23 04:13:24	GET Request to /api/books-by-genre/1
info	2022-03-23 04:13:24	GET Request to /api/books-by-genre/2
info	2022-03-23 04:13:24	GET Request to /api/books-by-genre/1
info	2022-03-23 04:13:24	GET Request to /api/books-by-genre/2
info	2022-03-23 04:13:24	GET Request to /api/books-by-genre/1
info	2022-03-23 04:13:24	GET Request to /api/books-by-genre/2
info	2022-03-23 04:13:24	GET Request to /api/books-by-genre/1
info	2022-03-23 04:13:25	GET Request to /api/books-by-genre/2
info	2022-03-23 04:13:25	GET Request to /api/books-by-genre/1
info	2022-03-23 04:13:25	GET Request to /api/books-by-genre/2
info	2022-03-23 04:13:25	GET Request to /api/books-by-genre/1
info	2022-03-23 04:13:25	GET Request to /api/books-by-genre/2
info	2022-03-23 04:13:25	GET Request to /api/books-by-genre/1
info	2022-03-23 04:13:25	GET Request to /api/books-by-genre/2
info	2022-03-23 04:13:25	GET Request to /api/books-by-genre/1
info	2022-03-23 04:13:26	GET Request to /api/books-by-genre/2
info	2022-03-23 04:13:26	GET Request to /api/books-by-genre/1
info	2022-03-23 04:13:26	GET Request to /api/books-by-genre/2
info	2022-03-23 04:13:26	GET Request to /api/books-by-genre/2
info	2022-03-23 04:13:26	GET Request to /api/books-by-genre/1
info	2022-03-23 04:13:26	GET Request to /api/books-by-genre/2
info	2022-03-23 04:13:26	GET Request to /api/books-by-genre/1
info	2022-03-23 04:45:34	GET Request to /api/genres/
info	2022-03-23 04:45:35	GET Request to /api/genres/
info	2022-03-23 04:46:16	GET Request to /api/genres/
info	2022-03-23 04:46:16	GET Request to /api/genres/
info	2022-03-23 04:46:17	GET Request to /api/genres/
info	2022-03-23 04:46:18	GET Request to /api/genres/
info	2022-03-23 04:46:48	GET Request to /api/genres/
info	2022-03-23 04:46:50	GET Request to /api/genres/
info	2022-03-23 04:51:00	GET Request to /api/genres/
info	2022-03-23 04:51:03	GET Request to /api/genres/
info	2022-03-23 04:51:06	GET Request to /api/genres/
info	2022-03-23 04:51:25	GET Request to /api/books-by-genre/2
info	2022-03-23 04:51:26	GET Request to /api/books-by-genre/1
info	2022-03-23 04:51:54	GET Request to /api/genres/
info	2022-03-23 04:52:00	GET Request to /api/genres/
info	2022-03-23 04:52:02	GET Request to /api/books-by-genre/1
info	2022-03-23 04:52:37	GET Request to /api/genres/
info	2022-03-23 04:52:45	GET Request to /api/books-by-genre/1
info	2022-03-23 04:53:47	GET Request to /api/genres/
info	2022-03-23 04:53:53	GET Request to /api/books-by-genre/1
info	2022-03-23 04:56:17	GET Request to /api/genres/
info	2022-03-23 04:56:19	GET Request to /api/books-by-genre/1
info	2022-03-23 04:57:16	GET Request to /api/genres/
info	2022-03-23 04:57:17	GET Request to /api/books-by-genre/1
info	2022-03-23 05:08:14	GET Request to /api/genres/
info	2022-03-23 05:08:24	GET Request to /api/genres/
info	2022-03-23 05:09:45	GET Request to /api/genres/
info	2022-03-23 05:10:11	GET Request to /api/genres/
info	2022-03-23 05:12:58	GET Request to /api/genres/
info	2022-03-23 07:21:20	GET Request to /api/genres/
info	2022-03-23 07:21:37	GET Request to /api/genres/
info	2022-03-23 07:21:39	GET Request to /api/genres/
info	2022-03-23 07:22:04	GET Request to /api/genres/
info	2022-03-23 07:22:16	GET Request to /api/genres/
info	2022-03-23 07:22:32	GET Request to /api/genres/
info	2022-03-23 07:22:32	GET Request to /api/genres/
info	2022-03-23 07:22:36	GET Request to /api/genres/
info	2022-03-23 07:23:04	GET Request to /api/genres/
info	2022-03-23 07:23:24	GET Request to /api/genres/
info	2022-03-23 07:23:40	GET Request to /api/genres/
info	2022-03-23 07:23:40	GET Request to /api/genres/
info	2022-03-23 07:23:41	GET Request to /api/genres/
info	2022-03-23 07:23:51	GET Request to /api/genres/
info	2022-03-23 07:26:58	GET Request to /api/genres/
info	2022-03-23 07:27:17	GET Request to /api/genres/
info	2022-03-23 07:30:51	GET Request to /api/genres/
info	2022-03-23 07:33:31	GET Request to /api/genres/
info	2022-03-23 07:33:31	GET Request to /api/genres/
info	2022-03-23 07:34:18	GET Request to /api/genres/
info	2022-03-23 07:34:18	GET Request to /api/genres/
info	2022-03-23 07:34:53	GET Request to /api/genres/
info	2022-03-23 07:36:55	GET Request to /api/genres/
info	2022-03-23 07:38:32	GET Request to /api/genres/
info	2022-03-23 07:38:34	GET Request to /api/genres/
info	2022-03-23 07:38:38	GET Request to /api/genres/
info	2022-03-23 07:38:41	GET Request to /api/genres/
info	2022-03-23 07:38:46	GET Request to /api/genres/
info	2022-03-23 07:38:46	GET Request to /api/genres/
info	2022-03-23 07:38:58	GET Request to /api/genres/
info	2022-03-23 07:39:00	GET Request to /api/genres/
info	2022-03-23 07:39:00	GET Request to /api/genres/
info	2022-03-23 07:39:00	GET Request to /api/genres/
info	2022-03-23 07:39:06	GET Request to /api/genres/
info	2022-03-23 07:39:12	GET Request to /api/genres/
info	2022-03-23 07:39:12	GET Request to /api/genres/
info	2022-03-23 07:39:27	GET Request to /api/genres/
info	2022-03-23 07:40:44	GET Request to /api/genres/
info	2022-03-23 07:40:44	GET Request to /api/genres/
info	2022-03-23 07:40:53	GET Request to /api/genres/
info	2022-03-23 07:42:00	GET Request to /api/genres/
info	2022-03-23 07:42:13	GET Request to /api/genres/
info	2022-03-23 07:42:18	GET Request to /api/genres/
info	2022-03-23 07:42:44	GET Request to /api/genres/
info	2022-03-23 07:43:23	GET Request to /api/genres/
info	2022-03-23 07:43:26	GET Request to /api/genres/
info	2022-03-23 07:43:26	GET Request to /api/genres/
info	2022-03-23 07:43:36	GET Request to /api/genres/
info	2022-03-23 07:44:14	GET Request to /api/genres/
info	2022-03-23 07:44:23	GET Request to /api/genres/
info	2022-03-23 07:51:34	GET Request to /api/genres/
info	2022-03-23 07:52:17	GET Request to /api/genres/
info	2022-03-23 07:53:37	GET Request to /api/genres/
info	2022-03-23 07:54:20	GET Request to /api/genres/
info	2022-03-23 07:56:16	GET Request to /api/genres/
info	2022-03-23 07:56:54	GET Request to /api/genres/
info	2022-03-23 07:57:01	GET Request to /api/genres/
info	2022-03-23 07:57:04	GET Request to /api/genres/
info	2022-03-23 07:57:09	GET Request to /api/genres/
info	2022-03-23 07:57:11	GET Request to /api/genres/
info	2022-03-23 07:58:31	GET Request to /api/genres/
info	2022-03-23 07:59:39	GET Request to /api/genres/
info	2022-03-23 07:59:43	GET Request to /api/genres/
info	2022-03-23 07:59:45	GET Request to /api/genres/
info	2022-03-23 07:59:47	GET Request to /api/genres/
info	2022-03-23 08:00:03	GET Request to /api/genres/
info	2022-03-23 08:00:07	GET Request to /api/genres/
info	2022-03-23 08:00:07	GET Request to /api/genres/
info	2022-03-23 08:00:07	GET Request to /api/genres/
info	2022-03-23 08:00:10	GET Request to /api/genres/
info	2022-03-23 08:02:48	GET Request to /api/genres/
info	2022-03-23 08:03:02	GET Request to /api/genres/
info	2022-03-23 08:03:04	GET Request to /api/genres/
info	2022-03-23 08:03:06	GET Request to /api/genres/
info	2022-03-23 08:03:07	GET Request to /api/genres/
info	2022-03-23 08:03:19	GET Request to /api/genres/
info	2022-03-23 08:03:34	GET Request to /api/genres/
info	2022-03-23 08:03:38	GET Request to /api/genres/
info	2022-03-23 08:03:38	GET Request to /api/genres/
info	2022-03-23 08:03:47	GET Request to /api/genres/
info	2022-03-23 08:03:56	GET Request to /api/genres/
info	2022-03-23 08:04:09	GET Request to /api/genres/
info	2022-03-23 08:04:15	GET Request to /api/genres/
info	2022-03-23 08:04:34	GET Request to /api/genres/
info	2022-03-23 08:05:03	GET Request to /api/genres/
info	2022-03-23 08:05:03	GET Request to /api/genres/
info	2022-03-23 08:05:03	GET Request to /api/genres/
info	2022-03-23 08:08:35	GET Request to /api/genres/
info	2022-03-23 08:08:35	GET Request to /api/genres/
info	2022-03-23 08:08:37	GET Request to /api/genres/
info	2022-03-23 08:12:14	GET Request to /api/genres/
info	2022-03-23 08:13:45	GET Request to /api/genres/
info	2022-03-23 08:13:56	GET Request to /api/genres/
info	2022-03-23 08:13:58	GET Request to /api/books-by-genre/1
info	2022-03-23 08:14:47	GET Request to /api/genres/
info	2022-03-23 08:14:51	GET Request to /api/books-by-genre/1
info	2022-03-23 08:15:53	GET Request to /api/genres/
info	2022-03-23 08:16:32	GET Request to /api/books-by-genre/1
info	2022-03-23 08:16:38	GET Request to /api/genres/
info	2022-03-23 08:16:41	GET Request to /api/books-by-genre/1
info	2022-03-23 08:17:03	GET Request to /api/books-by-genre/2
info	2022-03-23 08:17:11	GET Request to /api/genres/
info	2022-03-23 08:17:12	GET Request to /api/genres/
info	2022-03-23 08:17:17	GET Request to /api/genres/
info	2022-03-23 08:17:21	GET Request to /api/books-by-genre/1
info	2022-03-23 08:18:38	GET Request to /api/genres/
info	2022-03-23 08:18:51	GET Request to /api/genres/
info	2022-03-23 08:19:13	GET Request to /api/genres/
info	2022-03-23 08:21:27	GET Request to /api/genres/
info	2022-03-23 08:21:29	GET Request to /api/genres/
info	2022-03-23 08:21:58	GET Request to /api/genres/
info	2022-03-23 08:24:08	POST Request to /api/books/
info	2022-03-23 08:24:08	"stock" must be an integer
info	2022-03-23 08:24:14	POST Request to /api/books/
info	2022-03-23 08:24:14	GET Request to /api/genres/
info	2022-03-23 08:24:51	GET Request to /api/genres/
info	2022-03-23 08:24:54	GET Request to /api/books-by-genre/1
info	2022-03-23 08:25:05	DELETE Request to /api/books/8
info	2022-03-23 08:25:08	GET Request to /api/genres/
info	2022-03-23 08:25:49	GET Request to /api/genres/
info	2022-03-23 08:25:57	GET Request to /api/genres/
info	2022-03-23 08:25:59	GET Request to /api/genres/
info	2022-03-23 08:26:01	GET Request to /api/genres/
info	2022-03-23 08:26:01	GET Request to /api/genres/
info	2022-03-23 08:26:03	GET Request to /api/genres/
info	2022-03-23 08:27:09	GET Request to /api/genres/
info	2022-03-23 08:27:19	GET Request to /api/genres/
info	2022-03-23 08:27:44	GET Request to /api/genres/
info	2022-03-23 08:29:57	GET Request to /api/genres/
info	2022-03-23 08:29:58	GET Request to /api/genres/
info	2022-03-23 08:30:47	GET Request to /api/genres/
info	2022-03-23 08:31:02	GET Request to /api/genres/
info	2022-03-23 08:31:21	GET Request to /api/genres/
info	2022-03-23 08:31:40	GET Request to /api/genres/
info	2022-03-23 08:31:56	GET Request to /api/genres/
info	2022-03-23 08:32:32	GET Request to /api/genres/
info	2022-03-23 08:32:43	GET Request to /api/genres/
info	2022-03-23 08:35:23	GET Request to /api/genres/
info	2022-03-23 08:35:23	GET Request to /api/genres/
info	2022-03-23 08:35:23	GET Request to /api/genres/
info	2022-03-23 08:35:23	GET Request to /api/genres/
info	2022-03-23 08:35:23	GET Request to /api/genres/
info	2022-03-23 08:35:27	GET Request to /api/genres/
info	2022-03-23 08:35:40	GET Request to /api/genres/
info	2022-03-24 02:44:37	GET Request to /api/genres/
info	2022-03-24 02:44:39	GET Request to /api/books-by-genre/1
info	2022-03-24 02:44:40	GET Request to /api/genres/
